<?xml version="1.0" encoding="UTF-8"?>
<!-- Generated by org.testng.reporters.JUnitXMLReporter -->
<testsuite ignored="0" hostname="LIN-5CG0518S9C" failures="1" tests="1" name="Default test" time="56.386" errors="0" timestamp="2024-04-17T21:17:03 IST">
  <testcase classname="io.cucumber.testng.AbstractTestNGCucumberTests" name="runScenario" time="56.082">
    <failure type="org.junit.ComparisonFailure" message="expected:&amp;lt;[Landlord] Detail&amp;gt; but was:&amp;lt;[Property] Detail&amp;gt;">
      <![CDATA[org.junit.ComparisonFailure: expected:<[Landlord] Detail> but was:<[Property] Detail>
at org.junit.Assert.assertEquals(Assert.java:115)
at org.junit.Assert.assertEquals(Assert.java:144)
at PnCPage.PnCPageFac.navigatesToLandlordDetailsPage(PnCPageFac.java:791)
at PnCStepDefinition.PnCStepDefinition.user_gets_navigated_to_landlord_detail_page(PnCStepDefinition.java:289)
at ✽.user gets navigated to Landlord Detail page(file:///C:/Users/ANPATHAK/Desktop/PaintingAndCleaning/src/test/resources/Features/PnCFeature.feature:66)
]]>
    </failure>
  </testcase> <!-- runScenario -->
</testsuite> <!-- Default test -->
