<?xml version="1.0" encoding="UTF-8"?>
<testng-results ignored="0" total="1" passed="0" failed="1" skipped="0">
  <reporter-output>
  </reporter-output>
  <suite started-at="2024-04-17T21:16:07 IST" name="Default suite" finished-at="2024-04-17T21:17:03 IST" duration-ms="56386">
    <groups>
      <group name="cucumber">
        <method signature="AbstractTestNGCucumberTests.runScenario(io.cucumber.testng.PickleWrapper,io.cucumber.testng.FeatureWrapper)[pri:0, instance:PnCRunner.Runner@431cd9b2]" name="runScenario" class="io.cucumber.testng.AbstractTestNGCucumberTests"/>
      </group> <!-- cucumber -->
    </groups>
    <test started-at="2024-04-17T21:16:07 IST" name="Default test" finished-at="2024-04-17T21:17:03 IST" duration-ms="56386">
      <class name="PnCRunner.Runner">
        <test-method is-config="true" signature="setUpClass(org.testng.ITestContext)[pri:0, instance:PnCRunner.Runner@431cd9b2]" started-at="2024-04-17T21:16:07 IST" name="setUpClass" finished-at="2024-04-17T21:16:07 IST" duration-ms="247" status="PASS">
          <params>
            <param index="0">
              <value>
                <![CDATA[org.testng.TestRunner@1d858300]]>
              </value>
            </param>
          </params>
          <reporter-output>
          </reporter-output>
        </test-method> <!-- setUpClass -->
        <test-method signature="runScenario(io.cucumber.testng.PickleWrapper,io.cucumber.testng.FeatureWrapper)[pri:0, instance:PnCRunner.Runner@431cd9b2]" started-at="2024-04-17T21:16:07 IST" name="runScenario" description="Runs Cucumber Scenarios" data-provider="scenarios" finished-at="2024-04-17T21:17:03 IST" duration-ms="56082" status="FAIL">
          <params>
            <param index="0">
              <value>
                <![CDATA["To validate Rental Agreements Property Details"]]>
              </value>
            </param>
            <param index="1">
              <value>
                <![CDATA["To test the Painting and Cleaning module"]]>
              </value>
            </param>
          </params>
          <exception class="org.junit.ComparisonFailure">
            <message>
              <![CDATA[expected:<[Landlord] Detail> but was:<[Property] Detail>]]>
            </message>
            <full-stacktrace>
              <![CDATA[org.junit.ComparisonFailure: expected:<[Landlord] Detail> but was:<[Property] Detail>
at org.junit.Assert.assertEquals(Assert.java:115)
at org.junit.Assert.assertEquals(Assert.java:144)
at PnCPage.PnCPageFac.navigatesToLandlordDetailsPage(PnCPageFac.java:791)
at PnCStepDefinition.PnCStepDefinition.user_gets_navigated_to_landlord_detail_page(PnCStepDefinition.java:289)
at ✽.user gets navigated to Landlord Detail page(file:///C:/Users/ANPATHAK/Desktop/PaintingAndCleaning/src/test/resources/Features/PnCFeature.feature:66)
]]>
            </full-stacktrace>
          </exception> <!-- org.junit.ComparisonFailure -->
          <reporter-output>
          </reporter-output>
        </test-method> <!-- runScenario -->
        <test-method is-config="true" signature="tearDownClass()[pri:0, instance:PnCRunner.Runner@431cd9b2]" started-at="2024-04-17T21:17:03 IST" name="tearDownClass" finished-at="2024-04-17T21:17:03 IST" duration-ms="4" status="PASS">
          <reporter-output>
          </reporter-output>
        </test-method> <!-- tearDownClass -->
      </class> <!-- PnCRunner.Runner -->
    </test> <!-- Default test -->
  </suite> <!-- Default suite -->
</testng-results>
